<?xml version="1.0" encoding="UTF-8"?>
<!-- Generated by org.testng.reporters.JUnitXMLReporter -->
<testsuite hostname="DESKTOP-S2OPTP4" ignored="2" tests="0" failures="0" timestamp="2022-09-22T01:26:21 IST" time="0.019" errors="0">
  <testcase name="errorValidationProduct" time="0.0" classname="AutomationPracticeFramework.com.Ecommerce_framework.ErrorValidation">
    <ignored/>
  </testcase> <!-- errorValidationProduct -->
  <testcase name="SubmitOrder" time="0.0" classname="AutomationPracticeFramework.com.Ecommerce_framework.ErrorValidation">
    <ignored/>
  </testcase> <!-- SubmitOrder -->
</testsuite>
