<?xml version="1.0" encoding="UTF-8"?>
<!-- Generated by org.testng.reporters.JUnitXMLReporter -->
<testsuite hostname="DESKTOP-S2OPTP4" ignored="2" tests="0" failures="0" timestamp="2022-09-22T01:26:21 IST" time="0.03" errors="0">
  <testcase name="OrderHistoryTest" time="0.0" classname="AutomationPracticeFramework.com.Ecommerce_framework.SubmitorderTest">
    <ignored/>
  </testcase> <!-- OrderHistoryTest -->
  <testcase name="SubmitOrderTest" time="0.0" classname="AutomationPracticeFramework.com.Ecommerce_framework.SubmitorderTest">
    <ignored/>
  </testcase> <!-- SubmitOrderTest -->
</testsuite>
